TN:
SF:src/server.ts
FN:16,startserver
FNF:1
FNH:1
FNDA:1,startserver
DA:1,1
DA:2,1
DA:3,1
DA:4,1
DA:5,1
DA:6,1
DA:7,1
DA:8,1
DA:9,1
DA:10,1
DA:11,1
DA:12,1
DA:13,1
DA:14,1
DA:15,1
DA:16,1
DA:17,1
DA:18,1
DA:19,1
DA:20,1
DA:21,1
DA:22,1
DA:23,1
DA:24,1
DA:25,1
DA:26,1
DA:27,1
DA:28,1
DA:29,1
DA:30,1
DA:31,1
DA:32,1
DA:33,1
DA:34,1
DA:35,1
DA:36,1
DA:37,1
DA:38,1
DA:39,1
DA:40,1
DA:41,1
DA:42,1
DA:43,0
LF:43
LH:42
BRDA:16,0,0,1
BRDA:20,1,0,0
BRDA:43,2,0,0
BRF:3
BRH:1
end_of_record
TN:
SF:src/Entity/comments/comment.entity.ts
FN:16,<instance_members_initializer>
FNF:1
FNH:0
FNDA:0,<instance_members_initializer>
DA:1,1
DA:2,1
DA:3,1
DA:4,1
DA:5,1
DA:6,1
DA:7,1
DA:8,1
DA:9,1
DA:10,1
DA:11,1
DA:12,1
DA:13,1
DA:14,1
DA:15,1
DA:16,1
DA:17,0
DA:18,0
DA:19,0
DA:20,0
DA:21,0
DA:22,0
DA:23,0
DA:24,0
DA:25,0
DA:26,0
DA:27,0
DA:28,0
DA:29,0
DA:30,0
DA:31,0
DA:32,1
DA:33,1
DA:34,1
DA:35,1
DA:36,1
DA:37,1
LF:37
LH:22
BRDA:16,0,0,0
BRDA:15,1,0,1
BRDA:30,2,0,1
BRF:3
BRH:2
end_of_record
TN:
SF:src/Entity/comments/comment.input.ts
FN:9,<instance_members_initializer>
FN:17,Object.<anonymous>.type_graphql_1.Field.nullable
FN:24,<instance_members_initializer>
FN:35,Object.<anonymous>.type_graphql_1.Field.nullable
FNF:4
FNH:4
FNDA:1,<instance_members_initializer>
FNDA:1,Object.<anonymous>.type_graphql_1.Field.nullable
FNDA:1,<instance_members_initializer>
FNDA:1,Object.<anonymous>.type_graphql_1.Field.nullable
DA:1,1
DA:2,1
DA:3,1
DA:4,1
DA:5,1
DA:6,1
DA:7,1
DA:8,1
DA:9,1
DA:10,1
DA:11,1
DA:12,1
DA:13,1
DA:14,1
DA:15,1
DA:16,1
DA:17,1
DA:18,1
DA:19,1
DA:20,1
DA:21,1
DA:22,1
DA:23,1
DA:24,1
DA:25,1
DA:26,1
DA:27,1
DA:28,1
DA:29,1
DA:30,1
DA:31,1
DA:32,1
DA:33,1
DA:34,1
DA:35,1
DA:36,1
DA:37,1
DA:38,1
DA:39,1
LF:39
LH:39
BRDA:9,0,0,1
BRDA:17,1,0,1
BRDA:24,2,0,1
BRDA:23,3,0,1
BRDA:35,4,0,1
BRF:5
BRH:5
end_of_record
TN:
SF:src/Entity/course/course.entity.ts
FN:22,<instance_members_initializer>
FN:36,<instance_members_initializer>
FNF:2
FNH:0
FNDA:0,<instance_members_initializer>
FNDA:0,<instance_members_initializer>
DA:1,1
DA:2,1
DA:3,1
DA:4,1
DA:5,1
DA:6,1
DA:7,1
DA:8,1
DA:9,1
DA:10,1
DA:11,1
DA:12,1
DA:13,1
DA:14,1
DA:15,1
DA:16,1
DA:17,1
DA:18,1
DA:19,1
DA:20,1
DA:21,1
DA:22,1
DA:23,0
DA:24,0
DA:25,0
DA:26,0
DA:27,0
DA:28,0
DA:29,0
DA:30,1
DA:31,1
DA:32,1
DA:33,1
DA:34,1
DA:35,1
DA:36,1
DA:37,0
DA:38,0
DA:39,0
DA:40,0
DA:41,0
DA:42,0
DA:43,0
DA:44,0
DA:45,0
DA:46,0
DA:47,0
DA:48,0
DA:49,0
DA:50,0
DA:51,0
DA:52,0
DA:53,0
DA:54,0
DA:55,0
DA:56,0
DA:57,0
DA:58,0
DA:59,0
DA:60,0
DA:61,0
DA:62,0
DA:63,0
DA:64,0
DA:65,0
DA:66,0
DA:67,0
DA:68,0
DA:69,0
DA:70,1
DA:71,1
DA:72,1
DA:73,1
DA:74,1
DA:75,1
LF:75
LH:35
BRDA:22,0,0,0
BRDA:36,1,0,0
BRDA:35,2,0,1
BRDA:54,3,0,1
BRDA:58,4,0,1
BRDA:62,5,0,1
BRDA:66,6,0,1
BRDA:69,7,0,1
BRF:8
BRH:6
end_of_record
TN:
SF:src/Entity/course/course.input.ts
FN:8,<instance_members_initializer>
FN:20,<instance_members_initializer>
FN:31,Object.<anonymous>.type_graphql_1.Field.nullable
FN:38,<instance_members_initializer>
FN:52,Object.<anonymous>.type_graphql_1.Field.nullable
FNF:5
FNH:5
FNDA:2,<instance_members_initializer>
FNDA:2,<instance_members_initializer>
FNDA:2,Object.<anonymous>.type_graphql_1.Field.nullable
FNDA:1,<instance_members_initializer>
FNDA:1,Object.<anonymous>.type_graphql_1.Field.nullable
DA:1,1
DA:2,1
DA:3,1
DA:4,1
DA:5,1
DA:6,1
DA:7,1
DA:8,1
DA:9,2
DA:10,2
DA:11,2
DA:12,2
DA:13,2
DA:14,1
DA:15,1
DA:16,1
DA:17,1
DA:18,1
DA:19,1
DA:20,1
DA:21,2
DA:22,2
DA:23,2
DA:24,2
DA:25,2
DA:26,2
DA:27,2
DA:28,2
DA:29,2
DA:30,2
DA:31,2
DA:32,1
DA:33,1
DA:34,1
DA:35,1
DA:36,1
DA:37,1
DA:38,1
DA:39,1
DA:40,1
DA:41,1
DA:42,1
DA:43,1
DA:44,1
DA:45,1
DA:46,1
DA:47,1
DA:48,1
DA:49,1
DA:50,1
DA:51,1
DA:52,1
DA:53,1
DA:54,1
DA:55,1
DA:56,1
LF:56
LH:56
BRDA:8,0,0,2
BRDA:20,1,0,2
BRDA:31,2,0,2
BRDA:38,3,0,1
BRDA:37,4,0,1
BRDA:52,5,0,1
BRF:6
BRH:6
end_of_record
TN:
SF:src/config/db.config.ts
FN:6,connectDB
FNF:1
FNH:0
FNDA:0,connectDB
DA:1,1
DA:2,1
DA:3,1
DA:4,1
DA:5,1
DA:6,1
DA:7,0
DA:8,0
DA:9,0
DA:10,0
DA:11,0
DA:12,0
DA:13,0
DA:14,0
DA:15,0
DA:16,0
DA:17,0
DA:18,0
DA:19,0
DA:20,0
DA:21,1
LF:21
LH:7
BRF:0
BRH:0
end_of_record
TN:
SF:src/config/testDb.config.ts
FN:6,connectDB
FNF:1
FNH:1
FNDA:1,connectDB
DA:1,1
DA:2,1
DA:3,1
DA:4,1
DA:5,1
DA:6,1
DA:7,1
DA:8,1
DA:9,1
DA:10,1
DA:11,1
DA:12,1
DA:13,1
DA:14,1
DA:15,1
DA:16,1
DA:17,0
DA:18,0
DA:19,0
DA:20,1
DA:21,1
LF:21
LH:18
BRDA:6,0,0,1
BRDA:8,1,0,0
BRDA:16,2,0,0
BRF:3
BRH:1
end_of_record
TN:
SF:src/resolvers/comment.resolver.ts
FN:13,getComments
FN:20,getOneComment
FN:27,createComment
FN:42,updateComment
FN:52,deleteComment
FNF:5
FNH:0
FNDA:0,getComments
FNDA:0,getOneComment
FNDA:0,createComment
FNDA:0,updateComment
FNDA:0,deleteComment
DA:1,1
DA:2,1
DA:3,1
DA:4,1
DA:5,1
DA:6,1
DA:7,1
DA:8,1
DA:9,1
DA:10,1
DA:11,1
DA:12,1
DA:13,1
DA:14,0
DA:15,0
DA:16,0
DA:17,0
DA:18,1
DA:19,1
DA:20,1
DA:21,0
DA:22,0
DA:23,0
DA:24,0
DA:25,1
DA:26,1
DA:27,1
DA:28,0
DA:29,0
DA:30,0
DA:31,0
DA:32,0
DA:33,0
DA:34,0
DA:35,0
DA:36,0
DA:37,0
DA:38,0
DA:39,0
DA:40,1
DA:41,1
DA:42,1
DA:43,0
DA:44,0
DA:45,0
DA:46,0
DA:47,0
DA:48,0
DA:49,0
DA:50,1
DA:51,1
DA:52,1
DA:53,0
DA:54,0
DA:55,0
DA:56,1
DA:57,1
DA:58,1
LF:58
LH:28
BRDA:12,0,0,1
BRDA:19,1,0,1
BRDA:26,2,0,1
BRDA:41,3,0,1
BRDA:51,4,0,1
BRF:5
BRH:5
end_of_record
TN:
SF:src/resolvers/course.resolver.ts
FN:10,getCourses
FN:17,getOneCourse
FN:22,createCourse
FN:28,updateCourse
FN:39,deleteCourse
FN:16,Object.<anonymous>.type_graphql_1.Query.nullable
FNF:6
FNH:3
FNDA:1,getCourses
FNDA:0,getOneCourse
FNDA:1,createCourse
FNDA:0,updateCourse
FNDA:0,deleteCourse
FNDA:1,Object.<anonymous>.type_graphql_1.Query.nullable
DA:1,1
DA:2,1
DA:3,1
DA:4,1
DA:5,1
DA:6,1
DA:7,1
DA:8,1
DA:9,1
DA:10,1
DA:11,1
DA:12,1
DA:13,1
DA:14,0
DA:15,1
DA:16,1
DA:17,1
DA:18,0
DA:19,0
DA:20,1
DA:21,1
DA:22,1
DA:23,1
DA:24,1
DA:25,0
DA:26,1
DA:27,1
DA:28,1
DA:29,0
DA:30,0
DA:31,0
DA:32,0
DA:33,0
DA:34,0
DA:35,0
DA:36,0
DA:37,1
DA:38,1
DA:39,1
DA:40,0
DA:41,0
DA:42,0
DA:43,1
DA:44,1
LF:44
LH:29
BRDA:10,0,0,1
BRDA:12,1,0,0
BRDA:14,2,0,0
BRDA:22,3,0,1
BRDA:25,4,0,0
BRDA:9,5,0,1
BRDA:16,6,0,1
BRDA:21,7,0,1
BRDA:27,8,0,1
BRDA:38,9,0,1
BRF:10
BRH:7
end_of_record
